==> Downloading https://github.com/APE-Project/APE_Server/archive/v1.1.2.tar.gz
==> Downloading from https://codeload.github.com/APE-Project/APE_Server/tar.gz/v1.1.2
==> ./build.sh
Last 15 lines from /home/kali/.cache/Homebrew/Logs/ape/01.build.sh:
libape-spidermonkey.c: In function ‘ape_sm_timer_wrapper’:
libape-spidermonkey.c:2335:21: warning: variable ‘asc’ set but not used [-Wunused-but-set-variable]
    ape_sm_compiled *asc;
                     ^~~
libape-spidermonkey.c: In function ‘ape_sm_xorize’:
libape-spidermonkey.c:56:14: warning: variable ‘g_ape’ set but not used [-Wunused-but-set-variable]
   acetables *g_ape; \
              ^
libape-spidermonkey.c:2936:1: note: in expansion of macro ‘APE_JS_NATIVE’
 APE_JS_NATIVE(ape_sm_xorize)
 ^~~~~~~~~~~~~
/usr/bin/ld: cannot find -ljs_static
collect2: error: ld returned 1 exit status
Makefile:27: recipe for target 'modules' failed
make: *** [modules] Error 1

READ THIS: https://github.com/Linuxbrew/brew/blob/master/docs/Troubleshooting.md#troubleshooting
Please do not report this issue to Homebrew/brew or Homebrew/core, which support macOS only.

